Start testing: Jul 25 20:40 +03
----------------------------------------------------------
1/1 Testing: KorsancimUnitTests
1/1 Test: KorsancimUnitTests
Command: "/home/berkay/korsancim/backend/build/korsancim_tests"
Directory: /home/berkay/korsancim/backend/build
"KorsancimUnitTests" start time: Jul 25 20:40 +03
Output:
----------------------------------------------------------
Running main() from ./googletest/src/gtest_main.cc
[==========] Running 14 tests from 8 test suites.
[----------] Global test environment set-up.
[----------] 7 tests from DatabaseTest
[ RUN      ] DatabaseTest.ConnectionTest
[32m[2026-07-25 20:40:20] [INFO] Veritabanına başarıyla bağlandı: test_korsancim_unit.db[0m
[32m[2026-07-25 20:40:20] [INFO] Veritabanı bağlantısı kapatıldı.[0m
[       OK ] DatabaseTest.ConnectionTest (311 ms)
[ RUN      ] DatabaseTest.UserRegistrationTest
[32m[2026-07-25 20:40:20] [INFO] Veritabanına başarıyla bağlandı: test_korsancim_unit.db[0m
[32m[2026-07-25 20:40:21] [INFO] Yeni kullanıcı kaydedildi: test_korsan[0m
[33m[2026-07-25 20:40:21] [WARN] Kullanıcı adı zaten kullanımda: test_korsan[0m
[32m[2026-07-25 20:40:21] [INFO] Veritabanı bağlantısı kapatıldı.[0m
[       OK ] DatabaseTest.UserRegistrationTest (601 ms)
[ RUN      ] DatabaseTest.UserAuthenticationTest
[32m[2026-07-25 20:40:21] [INFO] Veritabanına başarıyla bağlandı: test_korsancim_unit.db[0m
[32m[2026-07-25 20:40:21] [INFO] Yeni kullanıcı kaydedildi: auth_korsan[0m
[32m[2026-07-25 20:40:22] [INFO] Veritabanı bağlantısı kapatıldı.[0m
[       OK ] DatabaseTest.UserAuthenticationTest (790 ms)
[ RUN      ] DatabaseTest.TopicCreateAndPaginationTest
[32m[2026-07-25 20:40:22] [INFO] Veritabanına başarıyla bağlandı: test_korsancim_unit.db[0m
[32m[2026-07-25 20:40:22] [INFO] Yeni kullanıcı kaydedildi: yazar[0m
[32m[2026-07-25 20:40:22] [INFO] Yeni konu oluşturuldu: Başlık 0[0m
[32m[2026-07-25 20:40:22] [INFO] Yeni konu oluşturuldu: Başlık 1[0m
[32m[2026-07-25 20:40:22] [INFO] Yeni konu oluşturuldu: Başlık 2[0m
[32m[2026-07-25 20:40:22] [INFO] Yeni konu oluşturuldu: Başlık 3[0m
[32m[2026-07-25 20:40:22] [INFO] Yeni konu oluşturuldu: Başlık 4[0m
[32m[2026-07-25 20:40:22] [INFO] Veritabanı bağlantısı kapatıldı.[0m
[       OK ] DatabaseTest.TopicCreateAndPaginationTest (513 ms)
[ RUN      ] DatabaseTest.TopicUpdateOwnershipTest
[32m[2026-07-25 20:40:22] [INFO] Veritabanına başarıyla bağlandı: test_korsancim_unit.db[0m
[32m[2026-07-25 20:40:23] [INFO] Yeni kullanıcı kaydedildi: sahip[0m
[32m[2026-07-25 20:40:23] [INFO] Yeni konu oluşturuldu: Orijinal Başlık[0m
[32m[2026-07-25 20:40:23] [INFO] Veritabanı bağlantısı kapatıldı.[0m
[       OK ] DatabaseTest.TopicUpdateOwnershipTest (468 ms)
[ RUN      ] DatabaseTest.CommentCRUDTest
[32m[2026-07-25 20:40:23] [INFO] Veritabanına başarıyla bağlandı: test_korsancim_unit.db[0m
[32m[2026-07-25 20:40:23] [INFO] Yeni kullanıcı kaydedildi: yorumcu[0m
[32m[2026-07-25 20:40:23] [INFO] Yeni konu oluşturuldu: Test Konu[0m
[32m[2026-07-25 20:40:23] [INFO] Veritabanı bağlantısı kapatıldı.[0m
[       OK ] DatabaseTest.CommentCRUDTest (479 ms)
[ RUN      ] DatabaseTest.BanAndRoleManagementTest
[32m[2026-07-25 20:40:23] [INFO] Veritabanına başarıyla bağlandı: test_korsancim_unit.db[0m
[32m[2026-07-25 20:40:23] [INFO] Yeni kullanıcı kaydedildi: banli_korsan[0m
[32m[2026-07-25 20:40:24] [INFO] Veritabanı bağlantısı kapatıldı.[0m
[       OK ] DatabaseTest.BanAndRoleManagementTest (461 ms)
[----------] 7 tests from DatabaseTest (3627 ms total)

[----------] 1 test from HashTest
[ RUN      ] HashTest.PBKDF2PasswordHashingAndVerification
[       OK ] HashTest.PBKDF2PasswordHashingAndVerification (640 ms)
[----------] 1 test from HashTest (640 ms total)

[----------] 1 test from JwtTest
[ RUN      ] JwtTest.GenerateAndVerifyToken
[       OK ] JwtTest.GenerateAndVerifyToken (0 ms)
[----------] 1 test from JwtTest (0 ms total)

[----------] 1 test from TokenBlacklistTest
[ RUN      ] TokenBlacklistTest.BlacklistAndCheck
[       OK ] TokenBlacklistTest.BlacklistAndCheck (0 ms)
[----------] 1 test from TokenBlacklistTest (0 ms total)

[----------] 1 test from MiddlewareTest
[ RUN      ] MiddlewareTest.RateLimiting
[       OK ] MiddlewareTest.RateLimiting (0 ms)
[----------] 1 test from MiddlewareTest (0 ms total)

[----------] 1 test from ValidationTest
[ RUN      ] ValidationTest.InputValidationHelpers
[       OK ] ValidationTest.InputValidationHelpers (0 ms)
[----------] 1 test from ValidationTest (0 ms total)

[----------] 1 test from LoggerTest
[ RUN      ] LoggerTest.ConsoleLogging
[32m[2026-07-25 20:40:24] [INFO] Test bilgi mesajı[0m
[33m[2026-07-25 20:40:24] [WARN] Test uyarı mesajı[0m
[31m[2026-07-25 20:40:24] [ERROR] Test hata mesajı[0m
[36m[2026-07-25 20:40:24] [DEBUG] Test debug mesajı[0m
[       OK ] LoggerTest.ConsoleLogging (0 ms)
[----------] 1 test from LoggerTest (0 ms total)

[----------] 1 test from UtilsTest
[ RUN      ] UtilsTest.SafeStoi
[       OK ] UtilsTest.SafeStoi (38 ms)
[----------] 1 test from UtilsTest (38 ms total)

[----------] Global test environment tear-down
[==========] 14 tests from 8 test suites ran. (4306 ms total)
[  PASSED  ] 14 tests.
<end of output>
Test time =   4.32 sec
----------------------------------------------------------
Test Passed.
"KorsancimUnitTests" end time: Jul 25 20:40 +03
"KorsancimUnitTests" time elapsed: 00:00:04
----------------------------------------------------------

End testing: Jul 25 20:40 +03
